0 info it worked if it ends with ok
1 verbose cli [ 'C:\\Program Files\\nodejs\\node.exe',
1 verbose cli   'C:\\Program Files\\nodejs\\node_modules\\npm\\bin\\npm-cli.js',
1 verbose cli   'run',
1 verbose cli   'dev' ]
2 info using npm@3.10.10
3 info using node@v6.11.0
4 verbose run-script [ 'predev', 'dev', 'postdev' ]
5 info lifecycle gulp-tpl@1.0.0~predev: gulp-tpl@1.0.0
6 silly lifecycle gulp-tpl@1.0.0~predev: no script for predev, continuing
7 info lifecycle gulp-tpl@1.0.0~dev: gulp-tpl@1.0.0
8 verbose lifecycle gulp-tpl@1.0.0~dev: unsafe-perm in lifecycle true
9 verbose lifecycle gulp-tpl@1.0.0~dev: PATH: C:\Program Files\nodejs\node_modules\npm\bin\node-gyp-bin;C:\Users\yinchaofeng\Desktop\gulp-tpl\node_modules\.bin;D:\Users\cmder\bin;D:\Users\cmder\vendor\conemu-maximus5\ConEmu\Scripts;D:\Users\cmder\vendor\conemu-maximus5;D:\Users\cmder\vendor\conemu-maximus5\ConEmu;C:\ProgramData\Oracle\Java\javapath;C:\WINDOWS\system32;C:\WINDOWS;C:\WINDOWS\System32\Wbem;C:\WINDOWS\System32\WindowsPowerShell\v1.0\;C:\Program Files (x86)\Enterprise Vault\EVClient\x64\;D:\程序\node-v8.1.2-win-x64\node-v8.1.2-win-x64;C:\Program Files (x86)\Git\cmd;D:\程序\cmder;C:\Program Files\nodejs\;C:\Users\yinchaofeng\AppData\Local\Android\Sdk\platform-tools;C:\Program Files\TortoiseGit\bin;C:\Users\yinchaofeng\AppData\Local\Programs\Python\Python36-32\Scripts\;C:\Users\yinchaofeng\AppData\Local\Programs\Python\Python36-32\;C:\Users\yinchaofeng\AppData\Local\Microsoft\WindowsApps;C:\Users\yinchaofeng\AppData\Roaming\npm;C:\Python27;C:\Users\yinchaofeng\AppData\Local\Programs\Fiddler;C:\Program Files (x86)\Git\usr\bin;C:\Program Files (x86)\Git\usr\share\vim\vim74;D:\Users\cmder\
10 verbose lifecycle gulp-tpl@1.0.0~dev: CWD: C:\Users\yinchaofeng\Desktop\gulp-tpl
11 silly lifecycle gulp-tpl@1.0.0~dev: Args: [ '/d /s /c', 'set NODE_ENV=test&& set CDN=false&& gulp dev' ]
12 silly lifecycle gulp-tpl@1.0.0~dev: Returned: code: 3221225786  signal: null
13 info lifecycle gulp-tpl@1.0.0~dev: Failed to exec dev script
14 verbose stack Error: gulp-tpl@1.0.0 dev: `set NODE_ENV=test&& set CDN=false&& gulp dev`
14 verbose stack Exit status 3221225786
14 verbose stack     at EventEmitter.<anonymous> (C:\Program Files\nodejs\node_modules\npm\lib\utils\lifecycle.js:255:16)
14 verbose stack     at emitTwo (events.js:106:13)
14 verbose stack     at EventEmitter.emit (events.js:191:7)
14 verbose stack     at ChildProcess.<anonymous> (C:\Program Files\nodejs\node_modules\npm\lib\utils\spawn.js:40:14)
14 verbose stack     at emitTwo (events.js:106:13)
14 verbose stack     at ChildProcess.emit (events.js:191:7)
14 verbose stack     at maybeClose (internal/child_process.js:891:16)
14 verbose stack     at Process.ChildProcess._handle.onexit (internal/child_process.js:226:5)
15 verbose pkgid gulp-tpl@1.0.0
16 verbose cwd C:\Users\yinchaofeng\Desktop\gulp-tpl
17 error Windows_NT 10.0.14393
18 error argv "C:\\Program Files\\nodejs\\node.exe" "C:\\Program Files\\nodejs\\node_modules\\npm\\bin\\npm-cli.js" "run" "dev"
19 error node v6.11.0
20 error npm  v3.10.10
21 error code ELIFECYCLE
22 error gulp-tpl@1.0.0 dev: `set NODE_ENV=test&& set CDN=false&& gulp dev`
22 error Exit status 3221225786
23 error Failed at the gulp-tpl@1.0.0 dev script 'set NODE_ENV=test&& set CDN=false&& gulp dev'.
23 error Make sure you have the latest version of node.js and npm installed.
23 error If you do, this is most likely a problem with the gulp-tpl package,
23 error not with npm itself.
23 error Tell the author that this fails on your system:
23 error     set NODE_ENV=test&& set CDN=false&& gulp dev
23 error You can get information on how to open an issue for this project with:
23 error     npm bugs gulp-tpl
23 error Or if that isn't available, you can get their info via:
23 error     npm owner ls gulp-tpl
23 error There is likely additional logging output above.
24 verbose exit [ 1, true ]
